<?xml version="1.0" encoding="UTF-8" ?>
<testsuite tests="21" failures="0" name="runners.TestSuiteRunner" time="26.025" errors="0" skipped="0">
  <properties>
[...]
</properties>
  <testcase classname="Rates API Test Scenarios" name="Get Latest Foreign Exchange rates with default base currency" time="4.977"/>
  <testcase classname="Rates API Test Scenarios" name="Get Latest Foreign Exchange rates with default base currency" time="1.58"/>
  <testcase classname="Rates API Test Scenarios" name="Get Latest Foreign Exchange rates with invalid url" time="0.985"/>
  <testcase classname="Rates API Test Scenarios" name="Get Past Foreign Exchange rates with default base currency" time="1.078"/>
  <testcase classname="Rates API Test Scenarios" name="Get Past Foreign Exchange rates with default base currency" time="1.052"/>
  <testcase classname="Rates API Test Scenarios" name="Get future dated foreign exchange rates with default base currency" time="1.157"/>
  <testcase classname="Rates API Test Scenarios" name="Get exchange rate for historic dates before the year 1999" time="0.947"/>
  <testcase classname="Rates API Test Scenarios" name="Get Latest Foreign Exchange rates with default currency and currency code filter" time="0.724"/>
  <testcase classname="Rates API Test Scenarios" name="Get Latest Foreign Exchange rates with user provided base currency" time="0.792"/>
  <testcase classname="Rates API Test Scenarios" name="Get Latest Foreign Exchange rates with user provided base currency and currency code filter" time="0.772"/>
  <testcase classname="Rates API Test Scenarios" name="Get Past Foreign Exchange rates with default currency and currency code filter" time="0.888"/>
  <testcase classname="Rates API Test Scenarios" name="Get Past Foreign Exchange rates with user provided base currency" time="2.906"/>
  <testcase classname="Rates API Test Scenarios" name="Get Past Foreign Exchange rates with user provided base currency and currency codes" time="0.558"/>
  <testcase classname="Rates API Test Scenarios" name="Get Latest Foreign Exchange rates with default currency and invalid currency code filter" time="0.883"/>
  <testcase classname="Rates API Test Scenarios" name="Get Latest Foreign Exchange rates with invalid base currency" time="0.921"/>
  <testcase classname="Rates API Test Scenarios" name="Get Latest Foreign Exchange rates with invalid base currency and invalid currency code filter" time="0.982"/>
  <testcase classname="Rates API Test Scenarios" name="Get Latest Foreign Exchange rates with invalid base currency and invalid currency code filter" time="1.076"/>
  <testcase classname="Rates API Test Scenarios" name="Get Past Foreign Exchange rates with default currency and invalid currency code filter" time="0.917"/>
  <testcase classname="Rates API Test Scenarios" name="Get Past Foreign Exchange rates with invalid base currency" time="0.953"/>
  <testcase classname="Rates API Test Scenarios" name="Get Past Foreign Exchange rates with invalid base currency and invalid currency codes" time="0.994"/>
  <testcase classname="Rates API Test Scenarios" name="Get Past Foreign Exchange rates with invalid base currency and invalid currency codes" time="0.883"/>
</testsuite>